---------------------------------------------------------------
[2021-04-15T00:00:48+08:00] 127.0.0.1 GET liwang.com/mobile/wallets/payment.html?pkey=gKZ2rIN4paiAeHTcr6qnYoG5zGivtYlqhYaqZX-Eqq-A3Jiug5-lqQ
[运行时间：0.660997s] [吞吐率：1.51req/s] [内存消耗：5,088.12kb] [文件加载：97]
[ info ] [ LANG ] /mnt/d/nginx/html/artmark/thinkphp/lang/zh-cn.php
[ info ] [ ROUTE ] array (
)
[ info ] [ HEADER ] array (
  'cookie' => 'UM_distinctid=1785e8e5118756-06fd1651454b33-3a614f0b-16e360-1785e8e51193ba; WSTMART_loginName=xiaomi; CNZZDATA1263804910=335801093-1616494087-null%7C1618126305; WSTMART_history_goods=think%3A%5B%22120%22%2C%22118%22%2C%22117%22%2C%22122%22%2C%22115%22%2C%22116%22%2C%22127%22%2C%22126%22%2C%22124%22%2C%2275%22%5D; PHPSESSID=fc150cb49d4f962dd814265f9ebf7061; WSTMART_wx_history_goods=think%3A%5B%22123%22%2C%22121%22%2C%22122%22%2C%22125%22%2C%22115%22%2C%22120%22%5D',
  'accept-language' => 'zh-CN,zh;q=0.9',
  'accept-encoding' => 'gzip, deflate',
  'referer' => 'http://liwang.com/mobile/carts/settlement.html',
  'accept' => 'text/html,application/xhtml+xml,application/xml;q=0.9,image/webp,image/apng,*/*;q=0.8',
  'user-agent' => 'Mozilla/5.0 (iPhone; CPU iPhone OS 11_0 like Mac OS X) AppleWebKit/604.1.38 (KHTML, like Gecko) Version/11.0 Mobile/15A372 Safari/604.1',
  'upgrade-insecure-requests' => '1',
  'cache-control' => 'max-age=0',
  'connection' => 'keep-alive',
  'host' => 'liwang.com',
  'content-type' => '',
  'content-length' => '',
)
[ info ] [ PARAM ] array (
  'pkey' => 'gKZ2rIN4paiAeHTcr6qnYoG5zGivtYlqhYaqZX-Eqq-A3Jiug5-lqQ',
)
[ info ] [ DB ] INIT mysql
[ info ] [ VIEW ] /mnt/d/nginx/html/artmark/wstmart/mobile/view/default/users/orders/orders_pay_wallets.html [ array (
  0 => 'v',
  1 => 'data',
  2 => 'rs',
  3 => 'needPay',
  4 => 'userMoney',
  5 => 'payPwd',
) ]
[ sql ] [ DB ] CONNECT:[ UseTime:0.000452s ] mysql:host=127.0.0.1;port=3306;dbname=www_art_com;charset=utf8
[ sql ] [ SQL ] SHOW COLUMNS FROM `wst_hooks` [ RunTime:0.000765s ]
[ sql ] [ SQL ] SELECT `name`,`addons` FROM `wst_hooks` WHERE  ( addons != '' ) [ RunTime:0.000206s ]
[ sql ] [ SQL ] SHOW COLUMNS FROM `wst_addons` [ RunTime:0.000807s ]
[ sql ] [ SQL ] SELECT `addonId`,`name` FROM `wst_addons` WHERE  ( status =1 and dataFlag = 1 ) [ RunTime:0.000239s ]
[ sql ] [ SQL ] SHOW COLUMNS FROM `wst_data_cats` [ RunTime:0.000776s ]
[ sql ] [ SQL ] SELECT `catId` FROM `wst_data_cats` WHERE  `catCode` = 'ADS_TYPE' LIMIT 1 [ RunTime:0.000320s ]
[ sql ] [ SQL ] SELECT `catId` FROM `wst_data_cats` WHERE  `catCode` = 'ADS_TYPE' LIMIT 1 [ RunTime:0.000325s ]
[ sql ] [ SQL ] SHOW COLUMNS FROM `wst_orders` [ RunTime:0.000902s ]
[ sql ] [ SQL ] SELECT `needPay`,`payRand` FROM `wst_orders` WHERE  `userId` = 4  AND `dataFlag` = 1  AND `orderStatus` = -2  AND `isPay` = 0  AND `payType` = 1  AND `orderunique` = '161841571241233722'  AND `needPay` > 0 [ RunTime:0.000306s ]
[ sql ] [ SQL ] SELECT `orderId`,`orderNo`,`payType`,`needPay`,`orderunique`,`deliverMoney`,`userName`,`userPhone`,`userAddress` FROM `wst_orders` WHERE  `userId` = 4  AND `orderunique` = '161841571241233722' [ RunTime:0.000341s ]
[ sql ] [ SQL ] SHOW COLUMNS FROM `wst_order_goods` [ RunTime:0.000616s ]
[ sql ] [ SQL ] SELECT * FROM `wst_order_goods` WHERE  `orderId` IN (0,5,6) [ RunTime:0.000235s ]
[ sql ] [ SQL ] SHOW COLUMNS FROM `wst_payments` [ RunTime:0.000663s ]
[ sql ] [ SQL ] SELECT * FROM `wst_payments` WHERE  `isOnline` = 1  AND `enabled` = 1 ORDER BY `payOrder` ASC [ RunTime:0.000233s ]
[ sql ] [ SQL ] SHOW COLUMNS FROM `wst_users` [ RunTime:0.000738s ]
[ sql ] [ SQL ] SELECT `userMoney`,`payPwd` FROM `wst_users` WHERE  `userId` = 4  AND `dataFlag` = 1 LIMIT 1 [ RunTime:0.000273s ]
---------------------------------------------------------------
[2021-04-15T00:00:55+08:00] 127.0.0.1 GET liwang.com/mobile/wallets/payment.html?pkey=gKZ2rIN4paiAeHTcr6qnYoG5zGivtYlqhYaqZX-Eqq-A3Jiug5-lqQ
[运行时间：0.631536s] [吞吐率：1.58req/s] [内存消耗：5,088.13kb] [文件加载：97]
[ info ] [ LANG ] /mnt/d/nginx/html/artmark/thinkphp/lang/zh-cn.php
[ info ] [ ROUTE ] array (
)
[ info ] [ HEADER ] array (
  'cookie' => 'UM_distinctid=1785e8e5118756-06fd1651454b33-3a614f0b-16e360-1785e8e51193ba; WSTMART_loginName=xiaomi; CNZZDATA1263804910=335801093-1616494087-null%7C1618126305; WSTMART_history_goods=think%3A%5B%22120%22%2C%22118%22%2C%22117%22%2C%22122%22%2C%22115%22%2C%22116%22%2C%22127%22%2C%22126%22%2C%22124%22%2C%2275%22%5D; PHPSESSID=fc150cb49d4f962dd814265f9ebf7061; WSTMART_wx_history_goods=think%3A%5B%22123%22%2C%22121%22%2C%22122%22%2C%22125%22%2C%22115%22%2C%22120%22%5D',
  'accept-language' => 'zh-CN,zh;q=0.9',
  'accept-encoding' => 'gzip, deflate',
  'referer' => 'http://liwang.com/mobile/carts/settlement.html',
  'accept' => 'text/html,application/xhtml+xml,application/xml;q=0.9,image/webp,image/apng,*/*;q=0.8',
  'user-agent' => 'Mozilla/5.0 (iPhone; CPU iPhone OS 11_0 like Mac OS X) AppleWebKit/604.1.38 (KHTML, like Gecko) Version/11.0 Mobile/15A372 Safari/604.1',
  'upgrade-insecure-requests' => '1',
  'cache-control' => 'max-age=0',
  'connection' => 'keep-alive',
  'host' => 'liwang.com',
  'content-type' => '',
  'content-length' => '',
)
[ info ] [ PARAM ] array (
  'pkey' => 'gKZ2rIN4paiAeHTcr6qnYoG5zGivtYlqhYaqZX-Eqq-A3Jiug5-lqQ',
)
[ info ] [ DB ] INIT mysql
[ info ] [ VIEW ] /mnt/d/nginx/html/artmark/wstmart/mobile/view/default/users/orders/orders_pay_wallets.html [ array (
  0 => 'v',
  1 => 'data',
  2 => 'rs',
  3 => 'needPay',
  4 => 'userMoney',
  5 => 'payPwd',
) ]
[ sql ] [ DB ] CONNECT:[ UseTime:0.000561s ] mysql:host=127.0.0.1;port=3306;dbname=www_art_com;charset=utf8
[ sql ] [ SQL ] SHOW COLUMNS FROM `wst_hooks` [ RunTime:0.001563s ]
[ sql ] [ SQL ] SELECT `name`,`addons` FROM `wst_hooks` WHERE  ( addons != '' ) [ RunTime:0.000704s ]
[ sql ] [ SQL ] SHOW COLUMNS FROM `wst_addons` [ RunTime:0.000634s ]
[ sql ] [ SQL ] SELECT `addonId`,`name` FROM `wst_addons` WHERE  ( status =1 and dataFlag = 1 ) [ RunTime:0.000194s ]
[ sql ] [ SQL ] SHOW COLUMNS FROM `wst_data_cats` [ RunTime:0.000628s ]
[ sql ] [ SQL ] SELECT `catId` FROM `wst_data_cats` WHERE  `catCode` = 'ADS_TYPE' LIMIT 1 [ RunTime:0.000211s ]
[ sql ] [ SQL ] SELECT `catId` FROM `wst_data_cats` WHERE  `catCode` = 'ADS_TYPE' LIMIT 1 [ RunTime:0.000383s ]
[ sql ] [ SQL ] SHOW COLUMNS FROM `wst_orders` [ RunTime:0.000763s ]
[ sql ] [ SQL ] SELECT `needPay`,`payRand` FROM `wst_orders` WHERE  `userId` = 4  AND `dataFlag` = 1  AND `orderStatus` = -2  AND `isPay` = 0  AND `payType` = 1  AND `orderunique` = '161841571241233722'  AND `needPay` > 0 [ RunTime:0.000264s ]
[ sql ] [ SQL ] SELECT `orderId`,`orderNo`,`payType`,`needPay`,`orderunique`,`deliverMoney`,`userName`,`userPhone`,`userAddress` FROM `wst_orders` WHERE  `userId` = 4  AND `orderunique` = '161841571241233722' [ RunTime:0.000339s ]
[ sql ] [ SQL ] SHOW COLUMNS FROM `wst_order_goods` [ RunTime:0.000557s ]
[ sql ] [ SQL ] SELECT * FROM `wst_order_goods` WHERE  `orderId` IN (0,5,6) [ RunTime:0.000233s ]
[ sql ] [ SQL ] SHOW COLUMNS FROM `wst_payments` [ RunTime:0.000636s ]
[ sql ] [ SQL ] SELECT * FROM `wst_payments` WHERE  `isOnline` = 1  AND `enabled` = 1 ORDER BY `payOrder` ASC [ RunTime:0.000229s ]
[ sql ] [ SQL ] SHOW COLUMNS FROM `wst_users` [ RunTime:0.000759s ]
[ sql ] [ SQL ] SELECT `userMoney`,`payPwd` FROM `wst_users` WHERE  `userId` = 4  AND `dataFlag` = 1 LIMIT 1 [ RunTime:0.000318s ]
---------------------------------------------------------------
[2021-04-15T00:01:05+08:00] 127.0.0.1 GET liwang.com/mobile/wallets/payment.html?pkey=gKZ2rIN4paiAeHTcr6qnYoG5zGivtYlqhYaqZX-Eqq-A3Jiug5-lqQ
[运行时间：0.622960s] [吞吐率：1.61req/s] [内存消耗：5,088.13kb] [文件加载：97]
[ info ] [ LANG ] /mnt/d/nginx/html/artmark/thinkphp/lang/zh-cn.php
[ info ] [ ROUTE ] array (
)
[ info ] [ HEADER ] array (
  'cookie' => 'UM_distinctid=1785e8e5118756-06fd1651454b33-3a614f0b-16e360-1785e8e51193ba; WSTMART_loginName=xiaomi; CNZZDATA1263804910=335801093-1616494087-null%7C1618126305; WSTMART_history_goods=think%3A%5B%22120%22%2C%22118%22%2C%22117%22%2C%22122%22%2C%22115%22%2C%22116%22%2C%22127%22%2C%22126%22%2C%22124%22%2C%2275%22%5D; PHPSESSID=fc150cb49d4f962dd814265f9ebf7061; WSTMART_wx_history_goods=think%3A%5B%22123%22%2C%22121%22%2C%22122%22%2C%22125%22%2C%22115%22%2C%22120%22%5D',
  'accept-language' => 'zh-CN,zh;q=0.9',
  'accept-encoding' => 'gzip, deflate',
  'referer' => 'http://liwang.com/mobile/carts/settlement.html',
  'accept' => 'text/html,application/xhtml+xml,application/xml;q=0.9,image/webp,image/apng,*/*;q=0.8',
  'user-agent' => 'Mozilla/5.0 (iPhone; CPU iPhone OS 11_0 like Mac OS X) AppleWebKit/604.1.38 (KHTML, like Gecko) Version/11.0 Mobile/15A372 Safari/604.1',
  'upgrade-insecure-requests' => '1',
  'cache-control' => 'max-age=0',
  'connection' => 'keep-alive',
  'host' => 'liwang.com',
  'content-type' => '',
  'content-length' => '',
)
[ info ] [ PARAM ] array (
  'pkey' => 'gKZ2rIN4paiAeHTcr6qnYoG5zGivtYlqhYaqZX-Eqq-A3Jiug5-lqQ',
)
[ info ] [ DB ] INIT mysql
[ info ] [ VIEW ] /mnt/d/nginx/html/artmark/wstmart/mobile/view/default/users/orders/orders_pay_wallets.html [ array (
  0 => 'v',
  1 => 'data',
  2 => 'rs',
  3 => 'needPay',
  4 => 'userMoney',
  5 => 'payPwd',
) ]
[ sql ] [ DB ] CONNECT:[ UseTime:0.000417s ] mysql:host=127.0.0.1;port=3306;dbname=www_art_com;charset=utf8
[ sql ] [ SQL ] SHOW COLUMNS FROM `wst_hooks` [ RunTime:0.000669s ]
[ sql ] [ SQL ] SELECT `name`,`addons` FROM `wst_hooks` WHERE  ( addons != '' ) [ RunTime:0.000199s ]
[ sql ] [ SQL ] SHOW COLUMNS FROM `wst_addons` [ RunTime:0.000666s ]
[ sql ] [ SQL ] SELECT `addonId`,`name` FROM `wst_addons` WHERE  ( status =1 and dataFlag = 1 ) [ RunTime:0.000190s ]
[ sql ] [ SQL ] SHOW COLUMNS FROM `wst_data_cats` [ RunTime:0.000695s ]
[ sql ] [ SQL ] SELECT `catId` FROM `wst_data_cats` WHERE  `catCode` = 'ADS_TYPE' LIMIT 1 [ RunTime:0.000212s ]
[ sql ] [ SQL ] SELECT `catId` FROM `wst_data_cats` WHERE  `catCode` = 'ADS_TYPE' LIMIT 1 [ RunTime:0.000492s ]
[ sql ] [ SQL ] SHOW COLUMNS FROM `wst_orders` [ RunTime:0.000849s ]
[ sql ] [ SQL ] SELECT `needPay`,`payRand` FROM `wst_orders` WHERE  `userId` = 4  AND `dataFlag` = 1  AND `orderStatus` = -2  AND `isPay` = 0  AND `payType` = 1  AND `orderunique` = '161841571241233722'  AND `needPay` > 0 [ RunTime:0.000320s ]
[ sql ] [ SQL ] SELECT `orderId`,`orderNo`,`payType`,`needPay`,`orderunique`,`deliverMoney`,`userName`,`userPhone`,`userAddress` FROM `wst_orders` WHERE  `userId` = 4  AND `orderunique` = '161841571241233722' [ RunTime:0.000364s ]
[ sql ] [ SQL ] SHOW COLUMNS FROM `wst_order_goods` [ RunTime:0.000710s ]
[ sql ] [ SQL ] SELECT * FROM `wst_order_goods` WHERE  `orderId` IN (0,5,6) [ RunTime:0.000274s ]
[ sql ] [ SQL ] SHOW COLUMNS FROM `wst_payments` [ RunTime:0.000645s ]
[ sql ] [ SQL ] SELECT * FROM `wst_payments` WHERE  `isOnline` = 1  AND `enabled` = 1 ORDER BY `payOrder` ASC [ RunTime:0.000227s ]
[ sql ] [ SQL ] SHOW COLUMNS FROM `wst_users` [ RunTime:0.000734s ]
[ sql ] [ SQL ] SELECT `userMoney`,`payPwd` FROM `wst_users` WHERE  `userId` = 4  AND `dataFlag` = 1 LIMIT 1 [ RunTime:0.000221s ]
